{"balance":20,"cardCode":"463","cardNumber":"324696115","activated":false,"status":"New Card"}
New Card: 324696115[463] Balance: 20.0
Status: 200 
{"balance":20,"cardCode":"463","cardNumber":"324696115","activated":true,"status":"New Card"}
============================================
--------- D E V I C E  S T A T E  ----------
============================================
Pin Option    = 4
Stored Pin    = 1234
Authenticated = false
Orientation   = PORTRAIT
API URL       = http://34.72.5.157/api
API KEY       = Zkfokey2311
API Register  = 5012349
============================================
Screen: starbucks.Passcode
Screen: starbucks.Spacer
Screen: starbucks.KeyPad
KeyPad Touched at (1, 5)
Key: 1
Key: 1 Count: 1
Current State: starbucks.OnePinDigit
D1 = 1
D2 = 
D3 = 
D4 = 
KeyPad Touched at (2, 5)
Key: 2
Key: 2 Count: 2
Current State: starbucks.TwoPinDigits
D1 = 1
D2 = 2
D3 = 
D4 = 
KeyPad Touched at (3, 5)
Key: 3
Key: 3 Count: 3
Current State: starbucks.ThreePinDigits
D1 = 1
D2 = 2
D3 = 3
D4 = 
KeyPad Touched at (1, 6)
Key: 4
Key: 4 Count: 4
Current State: starbucks.FourPinDigits
D1 = 1
D2 = 2
D3 = 3
D4 = 4
Authenticating...
Successful Login!
l: 10
w: 15
h: 15
DEBUG: $20.00

cnt1: 1
pad1: 4
....
DEBUG: [Ljava.lang.String;@21282ed8 1
line (before): $20.00 [len = 6]
line (after):      $20.00 [pad = 5]
cnt2: 5
pad2: 5
.....


0: ===============
1:    MyCards
2: ===============
3: 
4: 
5: 
6: 
7:      $20.00
8: 
9: 
10: 
11: 
12: 
13: 
14: ===============
15: [A][B][C][D][E]
Value: [Ljava.lang.String;@7bab3f1a
l: 10
w: 15
h: 15
DEBUG: [324696115]


Scan Now

cnt1: 4
pad1: 3
...
DEBUG: [Ljava.lang.String;@67f639d3 4
line (before): [324696115] [len = 11]
line (after):   [324696115] [pad = 2]
line (before):  [len = 0]
line (after):          [pad = 8]
line (before):  [len = 0]
line (after):          [pad = 8]
line (before): Scan Now [len = 8]
line (after):     Scan Now [pad = 4]
cnt2: 7
pad2: 3
...


0: ===============
1:   MyCardsPay
2: ===============
3: 
4: 
5: 
6:   [324696115]
7:         
8:         
9:     Scan Now
10: 
11: 
12: 
13: 
14: ===============
15: [A][B][C][D][E]
Value: [Ljava.lang.String;@6253c26
{"balance":16.84,"cardCode":"463","cardNumber":"324696115","activated":true,"status":"New Card"}
l: 10
w: 15
h: 15
DEBUG: [324696115]


Scan Now

cnt1: 4
pad1: 3
...
DEBUG: [Ljava.lang.String;@71a8adcf 4
line (before): [324696115] [len = 11]
line (after):   [324696115] [pad = 2]
line (before):  [len = 0]
line (after):          [pad = 8]
line (before):  [len = 0]
line (after):          [pad = 8]
line (before): Scan Now [len = 8]
line (after):     Scan Now [pad = 4]
cnt2: 7
pad2: 3
...


0: ===============
1:   MyCardsPay
2: ===============
3: 
4: 
5: 
6:   [324696115]
7:         
8:         
9:     Scan Now
10: 
11: 
12: 
13: 
14: ===============
15: [A][B][C][D][E]
Value: [Ljava.lang.String;@27462a88
l: 10
w: 15
h: 15
DEBUG: $16.84

cnt1: 1
pad1: 4
....
DEBUG: [Ljava.lang.String;@82de64a 1
line (before): $16.84 [len = 6]
line (after):      $16.84 [pad = 5]
cnt2: 5
pad2: 5
.....


0: ===============
1:    MyCards
2: ===============
3: 
4: 
5: 
6: 
7:      $16.84
8: 
9: 
10: 
11: 
12: 
13: 
14: ===============
15: [A][B][C][D][E]
Value: [Ljava.lang.String;@659499f1
l: 10
w: 15
h: 15
DEBUG: [324696115]


Scan Now

cnt1: 4
pad1: 3
...
DEBUG: [Ljava.lang.String;@51e69659 4
line (before): [324696115] [len = 11]
line (after):   [324696115] [pad = 2]
line (before):  [len = 0]
line (after):          [pad = 8]
line (before):  [len = 0]
line (after):          [pad = 8]
line (before): Scan Now [len = 8]
line (after):     Scan Now [pad = 4]
cnt2: 7
pad2: 3
...


0: ===============
1:   MyCardsPay
2: ===============
3: 
4: 
5: 
6:   [324696115]
7:         
8:         
9:     Scan Now
10: 
11: 
12: 
13: 
14: ===============
15: [A][B][C][D][E]
Value: [Ljava.lang.String;@47e2e487
{"balance":13.68,"cardCode":"463","cardNumber":"324696115","activated":true,"status":"New Card"}
l: 10
w: 15
h: 15
DEBUG: [324696115]


Scan Now

cnt1: 4
pad1: 3
...
DEBUG: [Ljava.lang.String;@61001b64 4
line (before): [324696115] [len = 11]
line (after):   [324696115] [pad = 2]
line (before):  [len = 0]
line (after):          [pad = 8]
line (before):  [len = 0]
line (after):          [pad = 8]
line (before): Scan Now [len = 8]
line (after):     Scan Now [pad = 4]
cnt2: 7
pad2: 3
...


0: ===============
1:   MyCardsPay
2: ===============
3: 
4: 
5: 
6:   [324696115]
7:         
8:         
9:     Scan Now
10: 
11: 
12: 
13: 
14: ===============
15: [A][B][C][D][E]
Value: [Ljava.lang.String;@4310d43
l: 10
w: 15
h: 15
DEBUG: $13.68

cnt1: 1
pad1: 4
....
DEBUG: [Ljava.lang.String;@54a7079e 1
line (before): $13.68 [len = 6]
line (after):      $13.68 [pad = 5]
cnt2: 5
pad2: 5
.....


0: ===============
1:    MyCards
2: ===============
3: 
4: 
5: 
6: 
7:      $13.68
8: 
9: 
10: 
11: 
12: 
13: 
14: ===============
15: [A][B][C][D][E]
Value: [Ljava.lang.String;@26e356f0
l: 10
w: 15
h: 15
DEBUG: [324696115]


Scan Now

cnt1: 4
pad1: 3
...
DEBUG: [Ljava.lang.String;@47d9a273 4
line (before): [324696115] [len = 11]
line (after):   [324696115] [pad = 2]
line (before):  [len = 0]
line (after):          [pad = 8]
line (before):  [len = 0]
line (after):          [pad = 8]
line (before): Scan Now [len = 8]
line (after):     Scan Now [pad = 4]
cnt2: 7
pad2: 3
...


0: ===============
1:   MyCardsPay
2: ===============
3: 
4: 
5: 
6:   [324696115]
7:         
8:         
9:     Scan Now
10: 
11: 
12: 
13: 
14: ===============
15: [A][B][C][D][E]
Value: [Ljava.lang.String;@4b8ee4de
{"balance":10.52,"cardCode":"463","cardNumber":"324696115","activated":true,"status":"New Card"}
l: 10
w: 15
h: 15
DEBUG: [324696115]


Scan Now

cnt1: 4
pad1: 3
...
DEBUG: [Ljava.lang.String;@27f981c6 4
line (before): [324696115] [len = 11]
line (after):   [324696115] [pad = 2]
line (before):  [len = 0]
line (after):          [pad = 8]
line (before):  [len = 0]
line (after):          [pad = 8]
line (before): Scan Now [len = 8]
line (after):     Scan Now [pad = 4]
cnt2: 7
pad2: 3
...


0: ===============
1:   MyCardsPay
2: ===============
3: 
4: 
5: 
6:   [324696115]
7:         
8:         
9:     Scan Now
10: 
11: 
12: 
13: 
14: ===============
15: [A][B][C][D][E]
Value: [Ljava.lang.String;@1b11171f
l: 10
w: 15
h: 15
DEBUG: $10.52

cnt1: 1
pad1: 4
....
DEBUG: [Ljava.lang.String;@1151e434 1
line (before): $10.52 [len = 6]
line (after):      $10.52 [pad = 5]
cnt2: 5
pad2: 5
.....


0: ===============
1:    MyCards
2: ===============
3: 
4: 
5: 
6: 
7:      $10.52
8: 
9: 
10: 
11: 
12: 
13: 
14: ===============
15: [A][B][C][D][E]
